<?xml version="1.0" encoding="UTF-8"?>
<!-- Generated by org.testng.reporters.JUnitReportReporter -->
<testsuite hostname="PRV-NC-663880" failures="0" tests="2" name="tests.NewTest" time="53.517" errors="1" timestamp="21 Aug 2019 18:54:11 GMT" skipped="1">
  <testcase classname="tests.NewTest" name="beforeClass" time="53.517">
    <error message="Failed to connect to binary FirefoxBinary(C:\Program Files\Mozilla Firefox\firefox.exe) on port 7055; process output follows: 
&quot;:null,&quot;developers&quot;:null,&quot;translators&quot;:null,&quot;contributors&quot;:null,&quot;locales&quot;:[&quot;sl&quot;]},{&quot;name&quot;:&quot;VikipÄ“dija&quot;,&quot;description&quot;:&quot;VikipÄ“dija, brÄ«vÄ� enciklopÄ“dija&quot;,&quot;creator&quot;:null,&quot;developers&quot;:null,&quot;translators&quot;:null,&quot;contributors&quot;:null,&quot;locales&quot;:[&quot;lv&quot;]},{&quot;name&quot;:&quot;Biquipedia (an)&quot;,&quot;description&quot;:&quot;A enciclopedia Libre&quot;,&quot;creator&quot;:null,&quot;developers&quot;:null,&quot;translators&quot;:null,&quot;contributors&quot;:null,&quot;locales&quot;:[&quot;an&quot;]}],&quot;targetApplications&quot;:[{&quot;id&quot;:&quot;toolkit@mozilla.org&quot;,&quot;minVersion&quot;:null,&quot;maxVersion&quot;:null}],&quot;targetPlatforms&quot;:[],&quot;seen&quot;:true,&quot;dependencies&quot;:[],&quot;incognito&quot;:&quot;spanning&quot;,&quot;userPermissions&quot;:{&quot;permissions&quot;:[],&quot;origins&quot;:[]},&quot;icons&quot;:{&quot;16&quot;:&quot;favicon.ico&quot;},&quot;iconURL&quot;:null,&quot;blocklistState&quot;:0,&quot;blocklistURL&quot;:null,&quot;startupData&quot;:null,&quot;hidden&quot;:true,&quot;installTelemetryInfo&quot;:null,&quot;recommendationState&quot;:null,&quot;rootURI&quot;:&quot;resource://search-extensions/wikipedia/&quot;,&quot;location&quot;:&quot;app-builtin&quot;}
1566413610680	addons.xpi	DEBUG	Loading bootstrap scope from resource://search-extensions/wikipedia/
1566413610680	addons.xpi	DEBUG	Calling bootstrap method install on wikipedia@search.mozilla.org version 1.0
1566413610681	addons.xpi	DEBUG	Calling bootstrap method startup on wikipedia@search.mozilla.org version 1.0
1566413616261	addons.xpi	DEBUG	Calling bootstrap method shutdown on wikipedia@search.mozilla.org version 1.0
1566413616267	addons.xpi	DEBUG	Calling bootstrap method shutdown on webcompat@mozilla.org version 4.3.2
1566413616295	addons.xpi	DEBUG	Calling bootstrap method shutdown on twitter@search.mozilla.org version 1.0
1566413616301	addons.xpi	DEBUG	Calling bootstrap method shutdown on screenshots@mozilla.org version 39.0.0
1566413616310	addons.xpi	DEBUG	Calling bootstrap method shutdown on google@search.mozilla.org version 1.0
1566413616312	addons.xpi	DEBUG	Calling bootstrap method shutdown on fxmonitor@mozilla.org version 3.0
1566413616322	addons.xpi	DEBUG	Calling bootstrap method shutdown on formautofill@mozilla.org version 1.0
1566413616328	addons.xpi	DEBUG	Calling bootstrap method shutdown on ebay@search.mozilla.org version 1.0
1566413616330	addons.xpi	DEBUG	Calling bootstrap method shutdown on default-theme@mozilla.org version 1.0
1566413616333	addons.xpi	DEBUG	Calling bootstrap method shutdown on ddg@search.mozilla.org version 1.0
1566413616343	addons.xpi	DEBUG	Calling bootstrap method shutdown on bing@search.mozilla.org version 1.0
1566413616352	addons.xpi	DEBUG	Calling bootstrap method shutdown on amazondotcom@search.mozilla.org version 1.1
[Child 16544, Chrome_ChildThread] WARNING: pipe error: 109: file z:/task_1563383129/build/src/ipc/chromium/src/chrome/common/ipc_channel_win.cc, line 341
[Child 16544, Chrome_ChildThread] WARNING: pipe error: 109: file z:/task_1563383129/build/src/ipc/chromium/src/chrome/common/ipc_channel_win.cc, line 341
[Child 8724, Chrome_ChildThread] WARNING: pipe error: 109: file z:/task_1563383129/build/src/ipc/chromium/src/chrome/common/ipc_channel_win.cc, line 341
[Child 8724, Chrome_ChildThread] WARNING: pipe error: 109: file z:/task_1563383129/build/src/ipc/chromium/src/chrome/common/ipc_channel_win.cc, line 341
[Child 11904, Chrome_ChildThread] WARNING: pipe error: 109: file z:/task_1563383129/build/src/ipc/chromium/src/chrome/common/ipc_channel_win.cc, line 341
[Child 11904, Chrome_ChildThread] WARNING: pipe error: 109: file z:/task_1563383129/build/src/ipc/chromium/src/chrome/common/ipc_channel_win.cc, line 341
1566413618428	addons.manager	DEBUG	before shutdown
1566413618438	addons.manager	DEBUG	shutdown
1566413618441	addons.manager	DEBUG	Calling shutdown blocker for XPIProvider
1566413618441	addons.xpi	DEBUG	shutdown
1566413618441	addons.xpi-utils	DEBUG	shutdown
1566413618441	addons.manager	DEBUG	Calling shutdown blocker for GMPProvider
1566413618443	addons.manager	DEBUG	Calling shutdown blocker for PluginProvider
1566413618445	addons.manager	DEBUG	Async provider shutdown done
[G
###!!! [Child][RunMessage] Error: Channel closing: too late to send/recv, messages will be lost

PU 11596, Chrome_ChildThread] W
###!!! [Child][MessageChannel::SendAndWait] Error: Channel error: cannot send/recv


Build info: version: &#039;2.53.1&#039;, revision: &#039;a36b8b1cd5757287168e54b817830adce9b0158d&#039;, time: &#039;2016-06-30 19:26:09&#039;
System info: host: &#039;PRV-NC-663880&#039;, ip: &#039;172.19.8.13&#039;, os.name: &#039;Windows 10&#039;, os.arch: &#039;amd64&#039;, os.version: &#039;10.0&#039;, java.version: &#039;11.0.1&#039;
Driver info: driver.version: FirefoxDriver" type="org.openqa.selenium.WebDriverException">
      <![CDATA[org.openqa.selenium.WebDriverException: Failed to connect to binary FirefoxBinary(C:\Program Files\Mozilla Firefox\firefox.exe) on port 7055; process output follows: 
":null,"developers":null,"translators":null,"contributors":null,"locales":["sl"]},{"name":"VikipÄ“dija","description":"VikipÄ“dija, brÄ«vÄ� enciklopÄ“dija","creator":null,"developers":null,"translators":null,"contributors":null,"locales":["lv"]},{"name":"Biquipedia (an)","description":"A enciclopedia Libre","creator":null,"developers":null,"translators":null,"contributors":null,"locales":["an"]}],"targetApplications":[{"id":"toolkit@mozilla.org","minVersion":null,"maxVersion":null}],"targetPlatforms":[],"seen":true,"dependencies":[],"incognito":"spanning","userPermissions":{"permissions":[],"origins":[]},"icons":{"16":"favicon.ico"},"iconURL":null,"blocklistState":0,"blocklistURL":null,"startupData":null,"hidden":true,"installTelemetryInfo":null,"recommendationState":null,"rootURI":"resource://search-extensions/wikipedia/","location":"app-builtin"}
1566413610680addons.xpiDEBUGLoading bootstrap scope from resource://search-extensions/wikipedia/
1566413610680addons.xpiDEBUGCalling bootstrap method install on wikipedia@search.mozilla.org version 1.0
1566413610681addons.xpiDEBUGCalling bootstrap method startup on wikipedia@search.mozilla.org version 1.0
1566413616261addons.xpiDEBUGCalling bootstrap method shutdown on wikipedia@search.mozilla.org version 1.0
1566413616267addons.xpiDEBUGCalling bootstrap method shutdown on webcompat@mozilla.org version 4.3.2
1566413616295addons.xpiDEBUGCalling bootstrap method shutdown on twitter@search.mozilla.org version 1.0
1566413616301addons.xpiDEBUGCalling bootstrap method shutdown on screenshots@mozilla.org version 39.0.0
1566413616310addons.xpiDEBUGCalling bootstrap method shutdown on google@search.mozilla.org version 1.0
1566413616312addons.xpiDEBUGCalling bootstrap method shutdown on fxmonitor@mozilla.org version 3.0
1566413616322addons.xpiDEBUGCalling bootstrap method shutdown on formautofill@mozilla.org version 1.0
1566413616328addons.xpiDEBUGCalling bootstrap method shutdown on ebay@search.mozilla.org version 1.0
1566413616330addons.xpiDEBUGCalling bootstrap method shutdown on default-theme@mozilla.org version 1.0
1566413616333addons.xpiDEBUGCalling bootstrap method shutdown on ddg@search.mozilla.org version 1.0
1566413616343addons.xpiDEBUGCalling bootstrap method shutdown on bing@search.mozilla.org version 1.0
1566413616352addons.xpiDEBUGCalling bootstrap method shutdown on amazondotcom@search.mozilla.org version 1.1
[Child 16544, Chrome_ChildThread] WARNING: pipe error: 109: file z:/task_1563383129/build/src/ipc/chromium/src/chrome/common/ipc_channel_win.cc, line 341
[Child 16544, Chrome_ChildThread] WARNING: pipe error: 109: file z:/task_1563383129/build/src/ipc/chromium/src/chrome/common/ipc_channel_win.cc, line 341
[Child 8724, Chrome_ChildThread] WARNING: pipe error: 109: file z:/task_1563383129/build/src/ipc/chromium/src/chrome/common/ipc_channel_win.cc, line 341
[Child 8724, Chrome_ChildThread] WARNING: pipe error: 109: file z:/task_1563383129/build/src/ipc/chromium/src/chrome/common/ipc_channel_win.cc, line 341
[Child 11904, Chrome_ChildThread] WARNING: pipe error: 109: file z:/task_1563383129/build/src/ipc/chromium/src/chrome/common/ipc_channel_win.cc, line 341
[Child 11904, Chrome_ChildThread] WARNING: pipe error: 109: file z:/task_1563383129/build/src/ipc/chromium/src/chrome/common/ipc_channel_win.cc, line 341
1566413618428addons.managerDEBUGbefore shutdown
1566413618438addons.managerDEBUGshutdown
1566413618441addons.managerDEBUGCalling shutdown blocker for XPIProvider
1566413618441addons.xpiDEBUGshutdown
1566413618441addons.xpi-utilsDEBUGshutdown
1566413618441addons.managerDEBUGCalling shutdown blocker for GMPProvider
1566413618443addons.managerDEBUGCalling shutdown blocker for PluginProvider
1566413618445addons.managerDEBUGAsync provider shutdown done
[G
###!!! [Child][RunMessage] Error: Channel closing: too late to send/recv, messages will be lost

PU 11596, Chrome_ChildThread] W
###!!! [Child][MessageChannel::SendAndWait] Error: Channel error: cannot send/recv


Build info: version: '2.53.1', revision: 'a36b8b1cd5757287168e54b817830adce9b0158d', time: '2016-06-30 19:26:09'
System info: host: 'PRV-NC-663880', ip: '172.19.8.13', os.name: 'Windows 10', os.arch: 'amd64', os.version: '10.0', java.version: '11.0.1'
Driver info: driver.version: FirefoxDriver
at org.openqa.selenium.firefox.internal.NewProfileExtensionConnection.start(NewProfileExtensionConnection.java:125)
at org.openqa.selenium.firefox.FirefoxDriver.startClient(FirefoxDriver.java:271)
at org.openqa.selenium.remote.RemoteWebDriver.<init>(RemoteWebDriver.java:119)
at org.openqa.selenium.firefox.FirefoxDriver.<init>(FirefoxDriver.java:216)
at org.openqa.selenium.firefox.FirefoxDriver.<init>(FirefoxDriver.java:211)
at org.openqa.selenium.firefox.FirefoxDriver.<init>(FirefoxDriver.java:207)
at org.openqa.selenium.firefox.FirefoxDriver.<init>(FirefoxDriver.java:120)
at tests.NewTest.beforeClass(NewTest.java:22)
at java.base/jdk.internal.reflect.NativeMethodAccessorImpl.invoke0(Native Method)
at java.base/jdk.internal.reflect.NativeMethodAccessorImpl.invoke(NativeMethodAccessorImpl.java:62)
at java.base/jdk.internal.reflect.DelegatingMethodAccessorImpl.invoke(DelegatingMethodAccessorImpl.java:43)
at java.base/java.lang.reflect.Method.invoke(Method.java:566)
at org.testng.internal.MethodInvocationHelper.invokeMethod(MethodInvocationHelper.java:124)
at org.testng.internal.MethodInvocationHelper.invokeMethodConsideringTimeout(MethodInvocationHelper.java:59)
at org.testng.internal.Invoker.invokeConfigurationMethod(Invoker.java:458)
at org.testng.internal.Invoker.invokeConfigurations(Invoker.java:222)
at org.testng.internal.Invoker.invokeConfigurations(Invoker.java:142)
at org.testng.internal.TestMethodWorker.invokeBeforeClassMethods(TestMethodWorker.java:168)
at org.testng.internal.TestMethodWorker.run(TestMethodWorker.java:105)
at org.testng.TestRunner.privateRun(TestRunner.java:648)
at org.testng.TestRunner.run(TestRunner.java:505)
at org.testng.SuiteRunner.runTest(SuiteRunner.java:455)
at org.testng.SuiteRunner.runSequentially(SuiteRunner.java:450)
at org.testng.SuiteRunner.privateRun(SuiteRunner.java:415)
at org.testng.SuiteRunner.run(SuiteRunner.java:364)
at org.testng.SuiteRunnerWorker.runSuite(SuiteRunnerWorker.java:52)
at org.testng.SuiteRunnerWorker.run(SuiteRunnerWorker.java:84)
at org.testng.TestNG.runSuitesSequentially(TestNG.java:1208)
at org.testng.TestNG.runSuitesLocally(TestNG.java:1137)
at org.testng.TestNG.runSuites(TestNG.java:1049)
at org.testng.TestNG.run(TestNG.java:1017)
at org.testng.remote.AbstractRemoteTestNG.run(AbstractRemoteTestNG.java:115)
at org.testng.remote.RemoteTestNG.initAndRun(RemoteTestNG.java:251)
at org.testng.remote.RemoteTestNG.main(RemoteTestNG.java:77)
Caused by: org.openqa.selenium.firefox.NotConnectedException: Unable to connect to host 127.0.0.1 on port 7055 after 45000 ms. Firefox console output:
":null,"developers":null,"translators":null,"contributors":null,"locales":["sl"]},{"name":"VikipÄ“dija","description":"VikipÄ“dija, brÄ«vÄ� enciklopÄ“dija","creator":null,"developers":null,"translators":null,"contributors":null,"locales":["lv"]},{"name":"Biquipedia (an)","description":"A enciclopedia Libre","creator":null,"developers":null,"translators":null,"contributors":null,"locales":["an"]}],"targetApplications":[{"id":"toolkit@mozilla.org","minVersion":null,"maxVersion":null}],"targetPlatforms":[],"seen":true,"dependencies":[],"incognito":"spanning","userPermissions":{"permissions":[],"origins":[]},"icons":{"16":"favicon.ico"},"iconURL":null,"blocklistState":0,"blocklistURL":null,"startupData":null,"hidden":true,"installTelemetryInfo":null,"recommendationState":null,"rootURI":"resource://search-extensions/wikipedia/","location":"app-builtin"}
1566413610680addons.xpiDEBUGLoading bootstrap scope from resource://search-extensions/wikipedia/
1566413610680addons.xpiDEBUGCalling bootstrap method install on wikipedia@search.mozilla.org version 1.0
1566413610681addons.xpiDEBUGCalling bootstrap method startup on wikipedia@search.mozilla.org version 1.0
1566413616261addons.xpiDEBUGCalling bootstrap method shutdown on wikipedia@search.mozilla.org version 1.0
1566413616267addons.xpiDEBUGCalling bootstrap method shutdown on webcompat@mozilla.org version 4.3.2
1566413616295addons.xpiDEBUGCalling bootstrap method shutdown on twitter@search.mozilla.org version 1.0
1566413616301addons.xpiDEBUGCalling bootstrap method shutdown on screenshots@mozilla.org version 39.0.0
1566413616310addons.xpiDEBUGCalling bootstrap method shutdown on google@search.mozilla.org version 1.0
1566413616312addons.xpiDEBUGCalling bootstrap method shutdown on fxmonitor@mozilla.org version 3.0
1566413616322addons.xpiDEBUGCalling bootstrap method shutdown on formautofill@mozilla.org version 1.0
1566413616328addons.xpiDEBUGCalling bootstrap method shutdown on ebay@search.mozilla.org version 1.0
1566413616330addons.xpiDEBUGCalling bootstrap method shutdown on default-theme@mozilla.org version 1.0
1566413616333addons.xpiDEBUGCalling bootstrap method shutdown on ddg@search.mozilla.org version 1.0
1566413616343addons.xpiDEBUGCalling bootstrap method shutdown on bing@search.mozilla.org version 1.0
1566413616352addons.xpiDEBUGCalling bootstrap method shutdown on amazondotcom@search.mozilla.org version 1.1
[Child 16544, Chrome_ChildThread] WARNING: pipe error: 109: file z:/task_1563383129/build/src/ipc/chromium/src/chrome/common/ipc_channel_win.cc, line 341
[Child 16544, Chrome_ChildThread] WARNING: pipe error: 109: file z:/task_1563383129/build/src/ipc/chromium/src/chrome/common/ipc_channel_win.cc, line 341
[Child 8724, Chrome_ChildThread] WARNING: pipe error: 109: file z:/task_1563383129/build/src/ipc/chromium/src/chrome/common/ipc_channel_win.cc, line 341
[Child 8724, Chrome_ChildThread] WARNING: pipe error: 109: file z:/task_1563383129/build/src/ipc/chromium/src/chrome/common/ipc_channel_win.cc, line 341
[Child 11904, Chrome_ChildThread] WARNING: pipe error: 109: file z:/task_1563383129/build/src/ipc/chromium/src/chrome/common/ipc_channel_win.cc, line 341
[Child 11904, Chrome_ChildThread] WARNING: pipe error: 109: file z:/task_1563383129/build/src/ipc/chromium/src/chrome/common/ipc_channel_win.cc, line 341
1566413618428addons.managerDEBUGbefore shutdown
1566413618438addons.managerDEBUGshutdown
1566413618441addons.managerDEBUGCalling shutdown blocker for XPIProvider
1566413618441addons.xpiDEBUGshutdown
1566413618441addons.xpi-utilsDEBUGshutdown
1566413618441addons.managerDEBUGCalling shutdown blocker for GMPProvider
1566413618443addons.managerDEBUGCalling shutdown blocker for PluginProvider
1566413618445addons.managerDEBUGAsync provider shutdown done
[G
###!!! [Child][RunMessage] Error: Channel closing: too late to send/recv, messages will be lost

PU 11596, Chrome_ChildThread] W
###!!! [Child][MessageChannel::SendAndWait] Error: Channel error: cannot send/recv


at org.openqa.selenium.firefox.internal.NewProfileExtensionConnection.start(NewProfileExtensionConnection.java:113)
... 33 more
]]>
    </error>
  </testcase> <!-- beforeClass -->
  <testcase classname="tests.NewTest" name="openMyBlog" time="0.000">
    <skipped/>
  </testcase> <!-- openMyBlog -->
</testsuite> <!-- tests.NewTest -->
